{"meta": {"format": 3, "version": "7.12.0", "timestamp": "2025-11-24T21:24:15.657481", "branch_coverage": false, "show_contexts": false}, "files": {"data.py": {"executed_lines": [], "summary": {"covered_lines": 0, "num_statements": 6, "percent_covered": 0.0, "percent_covered_display": "0", "missing_lines": 6, "excluded_lines": 0, "percent_statements_covered": 0.0, "percent_statements_covered_display": "0"}, "missing_lines": [1, 3, 4, 5, 6, 7], "excluded_lines": [], "functions": {"load_dataset": {"executed_lines": [], "summary": {"covered_lines": 0, "num_statements": 4, "percent_covered": 0.0, "percent_covered_display": "0", "missing_lines": 4, "excluded_lines": 0, "percent_statements_covered": 0.0, "percent_statements_covered_display": "0"}, "missing_lines": [4, 5, 6, 7], "excluded_lines": []}, "": {"executed_lines": [], "summary": {"covered_lines": 0, "num_statements": 2, "percent_covered": 0.0, "percent_covered_display": "0", "missing_lines": 2, "excluded_lines": 0, "percent_statements_covered": 0.0, "percent_statements_covered_display": "0"}, "missing_lines": [1, 3], "excluded_lines": []}}, "classes": {"": {"executed_lines": [], "summary": {"covered_lines": 0, "num_statements": 6, "percent_covered": 0.0, "percent_covered_display": "0", "missing_lines": 6, "excluded_lines": 0, "percent_statements_covered": 0.0, "percent_statements_covered_display": "0"}, "missing_lines": [1, 3, 4, 5, 6, 7], "excluded_lines": []}}}, "evaluation.py": {"executed_lines": [], "summary": {"covered_lines": 0, "num_statements": 0, "percent_covered": 100.0, "percent_covered_display": "100", "missing_lines": 0, "excluded_lines": 0, "percent_statements_covered": 100.0, "percent_statements_covered_display": "100"}, "missing_lines": [], "excluded_lines": [], "functions": {"": {"executed_lines": [], "summary": {"covered_lines": 0, "num_statements": 0, "percent_covered": 100.0, "percent_covered_display": "100", "missing_lines": 0, "excluded_lines": 0, "percent_statements_covered": 100.0, "percent_statements_covered_display": "100"}, "missing_lines": [], "excluded_lines": []}}, "classes": {"": {"executed_lines": [], "summary": {"covered_lines": 0, "num_statements": 0, "percent_covered": 100.0, "percent_covered_display": "100", "missing_lines": 0, "excluded_lines": 0, "percent_statements_covered": 100.0, "percent_statements_covered_display": "100"}, "missing_lines": [], "excluded_lines": []}}}, "ga_search.py": {"executed_lines": [1, 2, 3, 4, 5, 6, 8, 9, 20, 21, 22, 23, 24, 25, 26, 28, 29, 31, 35, 36, 38, 39, 40, 41, 45, 46, 48, 49, 54, 55, 56, 58, 59, 60, 61, 62, 63, 64, 66, 67, 68, 70, 74, 78, 80, 81, 82, 83, 84, 85, 87, 88, 90, 91, 92, 94, 96, 97, 98, 99, 101, 103, 104, 106, 108, 110, 111, 112, 114, 115, 116, 117, 119, 122], "summary": {"covered_lines": 74, "num_statements": 81, "percent_covered": 91.35802469135803, "percent_covered_display": "91", "missing_lines": 7, "excluded_lines": 0, "percent_statements_covered": 91.35802469135803, "percent_statements_covered_display": "91"}, "missing_lines": [123, 125, 127, 128, 130, 131, 132], "excluded_lines": [], "functions": {"GeneticSearchSVM.__init__": {"executed_lines": [20, 21, 22, 23, 24, 25, 26, 28, 29, 31], "summary": {"covered_lines": 10, "num_statements": 10, "percent_covered": 100.0, "percent_covered_display": "100", "missing_lines": 0, "excluded_lines": 0, "percent_statements_covered": 100.0, "percent_statements_covered_display": "100"}, "missing_lines": [], "excluded_lines": []}, "GeneticSearchSVM.random_log_param": {"executed_lines": [36], "summary": {"covered_lines": 1, "num_statements": 1, "percent_covered": 100.0, "percent_covered_display": "100", "missing_lines": 0, "excluded_lines": 0, "percent_statements_covered": 100.0, "percent_statements_covered_display": "100"}, "missing_lines": [], "excluded_lines": []}, "GeneticSearchSVM.initialize_population": {"executed_lines": [39, 40, 41, 45, 46], "summary": {"covered_lines": 5, "num_statements": 5, "percent_covered": 100.0, "percent_covered_display": "100", "missing_lines": 0, "excluded_lines": 0, "percent_statements_covered": 100.0, "percent_statements_covered_display": "100"}, "missing_lines": [], "excluded_lines": []}, "GeneticSearchSVM.fitness": {"executed_lines": [49, 54, 55, 56], "summary": {"covered_lines": 4, "num_statements": 4, "percent_covered": 100.0, "percent_covered_display": "100", "missing_lines": 0, "excluded_lines": 0, "percent_statements_covered": 100.0, "percent_statements_covered_display": "100"}, "missing_lines": [], "excluded_lines": []}, "GeneticSearchSVM.selection": {"executed_lines": [59, 60, 61, 62, 63, 64], "summary": {"covered_lines": 6, "num_statements": 6, "percent_covered": 100.0, "percent_covered_display": "100", "missing_lines": 0, "excluded_lines": 0, "percent_statements_covered": 100.0, "percent_statements_covered_display": "100"}, "missing_lines": [], "excluded_lines": []}, "GeneticSearchSVM.crossover": {"executed_lines": [67, 68, 70, 74, 78], "summary": {"covered_lines": 5, "num_statements": 5, "percent_covered": 100.0, "percent_covered_display": "100", "missing_lines": 0, "excluded_lines": 0, "percent_statements_covered": 100.0, "percent_statements_covered_display": "100"}, "missing_lines": [], "excluded_lines": []}, "GeneticSearchSVM.mutate": {"executed_lines": [81, 82, 83, 84, 85], "summary": {"covered_lines": 5, "num_statements": 5, "percent_covered": 100.0, "percent_covered_display": "100", "missing_lines": 0, "excluded_lines": 0, "percent_statements_covered": 100.0, "percent_statements_covered_display": "100"}, "missing_lines": [], "excluded_lines": []}, "GeneticSearchSVM.run": {"executed_lines": [88, 90, 91, 92, 94, 96, 97, 98, 99, 101, 103, 104, 106, 108, 110, 111, 112, 114, 115, 116, 117, 119], "summary": {"covered_lines": 22, "num_statements": 22, "percent_covered": 100.0, "percent_covered_display": "100", "missing_lines": 0, "excluded_lines": 0, "percent_statements_covered": 100.0, "percent_statements_covered_display": "100"}, "missing_lines": [], "excluded_lines": []}, "": {"executed_lines": [1, 2, 3, 4, 5, 6, 8, 9, 35, 38, 48, 58, 66, 80, 87, 122], "summary": {"covered_lines": 16, "num_statements": 23, "percent_covered": 69.56521739130434, "percent_covered_display": "70", "missing_lines": 7, "excluded_lines": 0, "percent_statements_covered": 69.56521739130434, "percent_statements_covered_display": "70"}, "missing_lines": [123, 125, 127, 128, 130, 131, 132], "excluded_lines": []}}, "classes": {"GeneticSearchSVM": {"executed_lines": [20, 21, 22, 23, 24, 25, 26, 28, 29, 31, 36, 39, 40, 41, 45, 46, 49, 54, 55, 56, 59, 60, 61, 62, 63, 64, 67, 68, 70, 74, 78, 81, 82, 83, 84, 85, 88, 90, 91, 92, 94, 96, 97, 98, 99, 101, 103, 104, 106, 108, 110, 111, 112, 114, 115, 116, 117, 119], "summary": {"covered_lines": 58, "num_statements": 58, "percent_covered": 100.0, "percent_covered_display": "100", "missing_lines": 0, "excluded_lines": 0, "percent_statements_covered": 100.0, "percent_statements_covered_display": "100"}, "missing_lines": [], "excluded_lines": []}, "": {"executed_lines": [1, 2, 3, 4, 5, 6, 8, 9, 35, 38, 48, 58, 66, 80, 87, 122], "summary": {"covered_lines": 16, "num_statements": 23, "percent_covered": 69.56521739130434, "percent_covered_display": "70", "missing_lines": 7, "excluded_lines": 0, "percent_statements_covered": 69.56521739130434, "percent_statements_covered_display": "70"}, "missing_lines": [123, 125, 127, 128, 130, 131, 132], "excluded_lines": []}}}, "svm_grid.py": {"executed_lines": [1, 2, 3, 4, 5, 6, 9, 10, 13, 14, 15, 16, 18, 19, 20, 24, 25, 26, 28, 29, 30, 31, 35, 36, 37, 39, 40, 41, 43, 45, 46, 48, 49, 52, 53, 54, 55, 56, 57, 58, 59, 61, 62, 63, 65, 66, 69, 70, 73, 74, 75, 76, 77, 79, 80, 84, 85, 86, 93, 94, 95, 96, 97, 98, 99], "summary": {"covered_lines": 65, "num_statements": 65, "percent_covered": 100.0, "percent_covered_display": "100", "missing_lines": 0, "excluded_lines": 0, "percent_statements_covered": 100.0, "percent_statements_covered_display": "100"}, "missing_lines": [], "excluded_lines": [], "functions": {"MidpointNormalize.__init__": {"executed_lines": [15, 16], "summary": {"covered_lines": 2, "num_statements": 2, "percent_covered": 100.0, "percent_covered_display": "100", "missing_lines": 0, "excluded_lines": 0, "percent_statements_covered": 100.0, "percent_statements_covered_display": "100"}, "missing_lines": [], "excluded_lines": []}, "MidpointNormalize.__call__": {"executed_lines": [19, 20], "summary": {"covered_lines": 2, "num_statements": 2, "percent_covered": 100.0, "percent_covered_display": "100", "missing_lines": 0, "excluded_lines": 0, "percent_statements_covered": 100.0, "percent_statements_covered_display": "100"}, "missing_lines": [], "excluded_lines": []}, "": {"executed_lines": [1, 2, 3, 4, 5, 6, 9, 10, 13, 14, 18, 24, 25, 26, 28, 29, 30, 31, 35, 36, 37, 39, 40, 41, 43, 45, 46, 48, 49, 52, 53, 54, 55, 56, 57, 58, 59, 61, 62, 63, 65, 66, 69, 70, 73, 74, 75, 76, 77, 79, 80, 84, 85, 86, 93, 94, 95, 96, 97, 98, 99], "summary": {"covered_lines": 61, "num_statements": 61, "percent_covered": 100.0, "percent_covered_display": "100", "missing_lines": 0, "excluded_lines": 0, "percent_statements_covered": 100.0, "percent_statements_covered_display": "100"}, "missing_lines": [], "excluded_lines": []}}, "classes": {"MidpointNormalize": {"executed_lines": [15, 16, 19, 20], "summary": {"covered_lines": 4, "num_statements": 4, "percent_covered": 100.0, "percent_covered_display": "100", "missing_lines": 0, "excluded_lines": 0, "percent_statements_covered": 100.0, "percent_statements_covered_display": "100"}, "missing_lines": [], "excluded_lines": []}, "": {"executed_lines": [1, 2, 3, 4, 5, 6, 9, 10, 13, 14, 18, 24, 25, 26, 28, 29, 30, 31, 35, 36, 37, 39, 40, 41, 43, 45, 46, 48, 49, 52, 53, 54, 55, 56, 57, 58, 59, 61, 62, 63, 65, 66, 69, 70, 73, 74, 75, 76, 77, 79, 80, 84, 85, 86, 93, 94, 95, 96, 97, 98, 99], "summary": {"covered_lines": 61, "num_statements": 61, "percent_covered": 100.0, "percent_covered_display": "100", "missing_lines": 0, "excluded_lines": 0, "percent_statements_covered": 100.0, "percent_statements_covered_display": "100"}, "missing_lines": [], "excluded_lines": []}}}, "test_ga_search.py": {"executed_lines": [1, 2, 3, 4, 5, 6, 8, 9, 11, 12, 13, 14, 17, 19, 20, 21, 27, 29, 30, 31, 32, 39, 40, 41, 43, 44, 45, 54, 55, 57, 66, 67, 69, 71, 72, 73, 74, 77, 78, 80, 81, 83, 85, 86, 88, 90, 91, 93, 94, 99, 101, 102, 104, 106, 108, 110, 111, 113, 114, 115, 117, 118, 120, 121, 123, 124, 125, 126, 128, 130, 131, 132, 134, 135, 137, 138, 140, 141, 142, 143, 145, 147, 148, 149, 151, 152, 154, 155, 156, 158, 160, 161, 162, 164, 165, 167, 168, 169, 172, 174, 175, 177, 184, 186, 187, 188, 189, 193, 194, 196, 216, 217, 218, 224, 225, 227, 228, 230, 232, 233, 234, 236, 237, 239, 240, 242, 245], "summary": {"covered_lines": 127, "num_statements": 152, "percent_covered": 83.55263157894737, "percent_covered_display": "84", "missing_lines": 25, "excluded_lines": 0, "percent_statements_covered": 83.55263157894737, "percent_statements_covered_display": "84"}, "missing_lines": [46, 47, 48, 49, 51, 52, 59, 60, 62, 63, 64, 75, 190, 191, 208, 209, 210, 211, 212, 213, 214, 219, 221, 222, 246], "excluded_lines": [], "functions": {"TestGeneticSearchSVM.sample_data": {"executed_lines": [21, 27], "summary": {"covered_lines": 2, "num_statements": 2, "percent_covered": 100.0, "percent_covered_display": "100", "missing_lines": 0, "excluded_lines": 0, "percent_statements_covered": 100.0, "percent_statements_covered_display": "100"}, "missing_lines": [], "excluded_lines": []}, "TestGeneticSearchSVM.ga_instance": {"executed_lines": [31, 32], "summary": {"covered_lines": 2, "num_statements": 2, "percent_covered": 100.0, "percent_covered_display": "100", "missing_lines": 0, "excluded_lines": 0, "percent_statements_covered": 100.0, "percent_statements_covered_display": "100"}, "missing_lines": [], "excluded_lines": []}, "TestGeneticSearchSVM.test_ga_init": {"executed_lines": [40, 41, 43, 44, 45], "summary": {"covered_lines": 5, "num_statements": 11, "percent_covered": 45.45454545454545, "percent_covered_display": "45", "missing_lines": 6, "excluded_lines": 0, "percent_statements_covered": 45.45454545454545, "percent_statements_covered_display": "45"}, "missing_lines": [46, 47, 48, 49, 51, 52], "excluded_lines": []}, "TestGeneticSearchSVM.test_random_param": {"executed_lines": [55, 57], "summary": {"covered_lines": 2, "num_statements": 7, "percent_covered": 28.571428571428573, "percent_covered_display": "29", "missing_lines": 5, "excluded_lines": 0, "percent_statements_covered": 28.571428571428573, "percent_statements_covered_display": "29"}, "missing_lines": [59, 60, 62, 63, 64], "excluded_lines": []}, "TestGeneticSearchSVM.test_initialize_population": {"executed_lines": [67, 69, 71, 72, 73, 74], "summary": {"covered_lines": 6, "num_statements": 7, "percent_covered": 85.71428571428571, "percent_covered_display": "86", "missing_lines": 1, "excluded_lines": 0, "percent_statements_covered": 85.71428571428571, "percent_statements_covered_display": "86"}, "missing_lines": [75], "excluded_lines": []}, "TestGeneticSearchSVM.test_population_diversity": {"executed_lines": [78, 80, 81, 83], "summary": {"covered_lines": 4, "num_statements": 4, "percent_covered": 100.0, "percent_covered_display": "100", "missing_lines": 0, "excluded_lines": 0, "percent_statements_covered": 100.0, "percent_statements_covered_display": "100"}, "missing_lines": [], "excluded_lines": []}, "TestGeneticSearchSVM.test_fitness": {"executed_lines": [86, 88, 90, 91], "summary": {"covered_lines": 4, "num_statements": 4, "percent_covered": 100.0, "percent_covered_display": "100", "missing_lines": 0, "excluded_lines": 0, "percent_statements_covered": 100.0, "percent_statements_covered_display": "100"}, "missing_lines": [], "excluded_lines": []}, "TestGeneticSearchSVM.test_selection": {"executed_lines": [94, 99, 101, 102, 104, 106, 108, 110, 111], "summary": {"covered_lines": 9, "num_statements": 9, "percent_covered": 100.0, "percent_covered_display": "100", "missing_lines": 0, "excluded_lines": 0, "percent_statements_covered": 100.0, "percent_statements_covered_display": "100"}, "missing_lines": [], "excluded_lines": []}, "TestGeneticSearchSVM.test_crossover_no_crossover": {"executed_lines": [114, 115, 117, 118, 120, 121, 123, 124, 125, 126, 128], "summary": {"covered_lines": 11, "num_statements": 11, "percent_covered": 100.0, "percent_covered_display": "100", "missing_lines": 0, "excluded_lines": 0, "percent_statements_covered": 100.0, "percent_statements_covered_display": "100"}, "missing_lines": [], "excluded_lines": []}, "TestGeneticSearchSVM.test_crossover_with_crossover": {"executed_lines": [131, 132, 134, 135, 137, 138, 140, 141, 142, 143, 145], "summary": {"covered_lines": 11, "num_statements": 11, "percent_covered": 100.0, "percent_covered_display": "100", "missing_lines": 0, "excluded_lines": 0, "percent_statements_covered": 100.0, "percent_statements_covered_display": "100"}, "missing_lines": [], "excluded_lines": []}, "TestGeneticSearchSVM.test_mutate_no_mutation": {"executed_lines": [148, 149, 151, 152, 154, 155, 156, 158], "summary": {"covered_lines": 8, "num_statements": 8, "percent_covered": 100.0, "percent_covered_display": "100", "missing_lines": 0, "excluded_lines": 0, "percent_statements_covered": 100.0, "percent_statements_covered_display": "100"}, "missing_lines": [], "excluded_lines": []}, "TestGeneticSearchSVM.test_mutate_with_mutation": {"executed_lines": [161, 162, 164, 165, 167, 168, 169, 172], "summary": {"covered_lines": 8, "num_statements": 8, "percent_covered": 100.0, "percent_covered_display": "100", "missing_lines": 0, "excluded_lines": 0, "percent_statements_covered": 100.0, "percent_statements_covered_display": "100"}, "missing_lines": [], "excluded_lines": []}, "TestGeneticSearchSVM.test_run_with_small_parameters": {"executed_lines": [175, 177, 184, 186, 187, 188, 189], "summary": {"covered_lines": 7, "num_statements": 9, "percent_covered": 77.77777777777777, "percent_covered_display": "78", "missing_lines": 2, "excluded_lines": 0, "percent_statements_covered": 77.77777777777777, "percent_statements_covered_display": "78"}, "missing_lines": [190, 191], "excluded_lines": []}, "TestGeneticSearchSVM.test_custom_parameters": {"executed_lines": [194, 196], "summary": {"covered_lines": 2, "num_statements": 9, "percent_covered": 22.22222222222222, "percent_covered_display": "22", "missing_lines": 7, "excluded_lines": 0, "percent_statements_covered": 22.22222222222222, "percent_statements_covered_display": "22"}, "missing_lines": [208, 209, 210, 211, 212, 213, 214], "excluded_lines": []}, "TestGeneticSearchSVM.test_parameter_ranges": {"executed_lines": [217, 218], "summary": {"covered_lines": 2, "num_statements": 5, "percent_covered": 40.0, "percent_covered_display": "40", "missing_lines": 3, "excluded_lines": 0, "percent_statements_covered": 40.0, "percent_statements_covered_display": "40"}, "missing_lines": [219, 221, 222], "excluded_lines": []}, "TestGeneticSearchSVM.test_population_evolution": {"executed_lines": [225, 227, 228, 230, 232, 233, 234], "summary": {"covered_lines": 7, "num_statements": 7, "percent_covered": 100.0, "percent_covered_display": "100", "missing_lines": 0, "excluded_lines": 0, "percent_statements_covered": 100.0, "percent_statements_covered_display": "100"}, "missing_lines": [], "excluded_lines": []}, "TestGeneticSearchSVM.test_fitness_deterministic": {"executed_lines": [237, 239, 240, 242], "summary": {"covered_lines": 4, "num_statements": 4, "percent_covered": 100.0, "percent_covered_display": "100", "missing_lines": 0, "excluded_lines": 0, "percent_statements_covered": 100.0, "percent_statements_covered_display": "100"}, "missing_lines": [], "excluded_lines": []}, "": {"executed_lines": [1, 2, 3, 4, 5, 6, 8, 9, 11, 12, 13, 14, 17, 19, 20, 29, 30, 39, 54, 66, 77, 85, 93, 113, 130, 147, 160, 174, 193, 216, 224, 236, 245], "summary": {"covered_lines": 33, "num_statements": 34, "percent_covered": 97.05882352941177, "percent_covered_display": "97", "missing_lines": 1, "excluded_lines": 0, "percent_statements_covered": 97.05882352941177, "percent_statements_covered_display": "97"}, "missing_lines": [246], "excluded_lines": []}}, "classes": {"TestGeneticSearchSVM": {"executed_lines": [21, 27, 31, 32, 40, 41, 43, 44, 45, 55, 57, 67, 69, 71, 72, 73, 74, 78, 80, 81, 83, 86, 88, 90, 91, 94, 99, 101, 102, 104, 106, 108, 110, 111, 114, 115, 117, 118, 120, 121, 123, 124, 125, 126, 128, 131, 132, 134, 135, 137, 138, 140, 141, 142, 143, 145, 148, 149, 151, 152, 154, 155, 156, 158, 161, 162, 164, 165, 167, 168, 169, 172, 175, 177, 184, 186, 187, 188, 189, 194, 196, 217, 218, 225, 227, 228, 230, 232, 233, 234, 237, 239, 240, 242], "summary": {"covered_lines": 94, "num_statements": 118, "percent_covered": 79.66101694915254, "percent_covered_display": "80", "missing_lines": 24, "excluded_lines": 0, "percent_statements_covered": 79.66101694915254, "percent_statements_covered_display": "80"}, "missing_lines": [46, 47, 48, 49, 51, 52, 59, 60, 62, 63, 64, 75, 190, 191, 208, 209, 210, 211, 212, 213, 214, 219, 221, 222], "excluded_lines": []}, "": {"executed_lines": [1, 2, 3, 4, 5, 6, 8, 9, 11, 12, 13, 14, 17, 19, 20, 29, 30, 39, 54, 66, 77, 85, 93, 113, 130, 147, 160, 174, 193, 216, 224, 236, 245], "summary": {"covered_lines": 33, "num_statements": 34, "percent_covered": 97.05882352941177, "percent_covered_display": "97", "missing_lines": 1, "excluded_lines": 0, "percent_statements_covered": 97.05882352941177, "percent_statements_covered_display": "97"}, "missing_lines": [246], "excluded_lines": []}}}, "test_svm_grid.py": {"executed_lines": [1, 2, 3, 4, 5, 6, 7, 9, 11, 12, 13, 14, 15, 18, 19, 20, 21, 24, 25, 26, 27, 29, 30, 31, 32, 33, 35, 37, 39, 40, 41, 43, 44, 45, 46, 49, 50, 55, 57, 58, 60, 61, 62, 64, 65, 66, 68, 69, 71, 72, 73, 74, 76, 77, 79, 80, 81, 83, 84, 85, 87, 88, 91, 92, 93, 95, 96, 97, 99], "summary": {"covered_lines": 69, "num_statements": 70, "percent_covered": 98.57142857142857, "percent_covered_display": "99", "missing_lines": 1, "excluded_lines": 0, "percent_statements_covered": 98.57142857142857, "percent_statements_covered_display": "99"}, "missing_lines": [100], "excluded_lines": [], "functions": {"TestSVMGridSearch.test_iris_number_of_samples": {"executed_lines": [12, 13, 14, 15], "summary": {"covered_lines": 4, "num_statements": 4, "percent_covered": 100.0, "percent_covered_display": "100", "missing_lines": 0, "excluded_lines": 0, "percent_statements_covered": 100.0, "percent_statements_covered_display": "100"}, "missing_lines": [], "excluded_lines": []}, "TestSVMGridSearch.test_iris_number_of_features": {"executed_lines": [19, 20, 21], "summary": {"covered_lines": 3, "num_statements": 3, "percent_covered": 100.0, "percent_covered_display": "100", "missing_lines": 0, "excluded_lines": 0, "percent_statements_covered": 100.0, "percent_statements_covered_display": "100"}, "missing_lines": [], "excluded_lines": []}, "TestSVMGridSearch.test_iris_number_of_classes": {"executed_lines": [25, 26, 27], "summary": {"covered_lines": 3, "num_statements": 3, "percent_covered": 100.0, "percent_covered_display": "100", "missing_lines": 0, "excluded_lines": 0, "percent_statements_covered": 100.0, "percent_statements_covered_display": "100"}, "missing_lines": [], "excluded_lines": []}, "TestSVMGridSearch.test_scaler_standardization": {"executed_lines": [30, 31, 32, 33, 35, 37], "summary": {"covered_lines": 6, "num_statements": 6, "percent_covered": 100.0, "percent_covered_display": "100", "missing_lines": 0, "excluded_lines": 0, "percent_statements_covered": 100.0, "percent_statements_covered_display": "100"}, "missing_lines": [], "excluded_lines": []}, "TestSVMGridSearch.test_param_ranges": {"executed_lines": [40, 41, 43, 44, 45, 46], "summary": {"covered_lines": 6, "num_statements": 6, "percent_covered": 100.0, "percent_covered_display": "100", "missing_lines": 0, "excluded_lines": 0, "percent_statements_covered": 100.0, "percent_statements_covered_display": "100"}, "missing_lines": [], "excluded_lines": []}, "TestSVMGridSearch.test_param_grid_keys": {"executed_lines": [50, 55], "summary": {"covered_lines": 2, "num_statements": 2, "percent_covered": 100.0, "percent_covered_display": "100", "missing_lines": 0, "excluded_lines": 0, "percent_statements_covered": 100.0, "percent_statements_covered_display": "100"}, "missing_lines": [], "excluded_lines": []}, "TestSVMGridSearch.test_cv_configuration": {"executed_lines": [58, 60, 61, 62], "summary": {"covered_lines": 4, "num_statements": 4, "percent_covered": 100.0, "percent_covered_display": "100", "missing_lines": 0, "excluded_lines": 0, "percent_statements_covered": 100.0, "percent_statements_covered_display": "100"}, "missing_lines": [], "excluded_lines": []}, "TestSVMGridSearch.test_grid_search_runs": {"executed_lines": [65, 66, 68, 69, 71, 72, 73, 74, 76, 77, 79, 80, 81], "summary": {"covered_lines": 13, "num_statements": 13, "percent_covered": 100.0, "percent_covered_display": "100", "missing_lines": 0, "excluded_lines": 0, "percent_statements_covered": 100.0, "percent_statements_covered_display": "100"}, "missing_lines": [], "excluded_lines": []}, "TestSVMGridSearch.test_midpoint_normalize_basic": {"executed_lines": [84, 85, 87, 88], "summary": {"covered_lines": 4, "num_statements": 4, "percent_covered": 100.0, "percent_covered_display": "100", "missing_lines": 0, "excluded_lines": 0, "percent_statements_covered": 100.0, "percent_statements_covered_display": "100"}, "missing_lines": [], "excluded_lines": []}, "TestSVMGridSearch.test_midpoint_normalize_masking": {"executed_lines": [92, 93, 95, 96, 97], "summary": {"covered_lines": 5, "num_statements": 5, "percent_covered": 100.0, "percent_covered_display": "100", "missing_lines": 0, "excluded_lines": 0, "percent_statements_covered": 100.0, "percent_statements_covered_display": "100"}, "missing_lines": [], "excluded_lines": []}, "": {"executed_lines": [1, 2, 3, 4, 5, 6, 7, 9, 11, 18, 24, 29, 39, 49, 57, 64, 83, 91, 99], "summary": {"covered_lines": 19, "num_statements": 20, "percent_covered": 95.0, "percent_covered_display": "95", "missing_lines": 1, "excluded_lines": 0, "percent_statements_covered": 95.0, "percent_statements_covered_display": "95"}, "missing_lines": [100], "excluded_lines": []}}, "classes": {"TestSVMGridSearch": {"executed_lines": [12, 13, 14, 15, 19, 20, 21, 25, 26, 27, 30, 31, 32, 33, 35, 37, 40, 41, 43, 44, 45, 46, 50, 55, 58, 60, 61, 62, 65, 66, 68, 69, 71, 72, 73, 74, 76, 77, 79, 80, 81, 84, 85, 87, 88, 92, 93, 95, 96, 97], "summary": {"covered_lines": 50, "num_statements": 50, "percent_covered": 100.0, "percent_covered_display": "100", "missing_lines": 0, "excluded_lines": 0, "percent_statements_covered": 100.0, "percent_statements_covered_display": "100"}, "missing_lines": [], "excluded_lines": []}, "": {"executed_lines": [1, 2, 3, 4, 5, 6, 7, 9, 11, 18, 24, 29, 39, 49, 57, 64, 83, 91, 99], "summary": {"covered_lines": 19, "num_statements": 20, "percent_covered": 95.0, "percent_covered_display": "95", "missing_lines": 1, "excluded_lines": 0, "percent_statements_covered": 95.0, "percent_statements_covered_display": "95"}, "missing_lines": [100], "excluded_lines": []}}}, "utils.py": {"executed_lines": [], "summary": {"covered_lines": 0, "num_statements": 0, "percent_covered": 100.0, "percent_covered_display": "100", "missing_lines": 0, "excluded_lines": 0, "percent_statements_covered": 100.0, "percent_statements_covered_display": "100"}, "missing_lines": [], "excluded_lines": [], "functions": {"": {"executed_lines": [], "summary": {"covered_lines": 0, "num_statements": 0, "percent_covered": 100.0, "percent_covered_display": "100", "missing_lines": 0, "excluded_lines": 0, "percent_statements_covered": 100.0, "percent_statements_covered_display": "100"}, "missing_lines": [], "excluded_lines": []}}, "classes": {"": {"executed_lines": [], "summary": {"covered_lines": 0, "num_statements": 0, "percent_covered": 100.0, "percent_covered_display": "100", "missing_lines": 0, "excluded_lines": 0, "percent_statements_covered": 100.0, "percent_statements_covered_display": "100"}, "missing_lines": [], "excluded_lines": []}}}}, "totals": {"covered_lines": 335, "num_statements": 374, "percent_covered": 89.57219251336899, "percent_covered_display": "90", "missing_lines": 39, "excluded_lines": 0, "percent_statements_covered": 89.57219251336899, "percent_statements_covered_display": "90"}}